{
  "RSpec": {
    "coverage": {
      "C:/Users/eirik.haugennilsson/Desktop/Programering 2/Skibbidi/lib/request.rb": {
        "lines": [
          null,
          null,
          null,
          null,
          1,
          1,
          null,
          1,
          6,
          6,
          6,
          null,
          null,
          1,
          null,
          1,
          6,
          6,
          6,
          6,
          null,
          null,
          1,
          6,
          6,
          6,
          24,
          10,
          null,
          null,
          1,
          6,
          null,
          null,
          1,
          6,
          null,
          6,
          4,
          4,
          null,
          null,
          null
        ]
      }
    },
    "timestamp": 1731316597
  }
}
